<?xml version="1.0" encoding="UTF-8"?>
<robot generator="Robot 5.0.1 (Python 3.11.5 on win32)" generated="20240103 17:11:55.578" rpa="false" schemaversion="3">
<suite id="s1" name="AUTOMAÇÃO GITHUB - SAULOBARBOZ TesteE2E - 1.0" source="C:\ImportantesSaulo\robot-project\SauceDemo\tests">
<suite id="s1-s1" name="CompraSucesso" source="C:\ImportantesSaulo\robot-project\SauceDemo\tests\CompraSucesso.robot">
<kw name="Run Keywords" library="BuiltIn" type="SETUP">
<arg>Iniciar Sessão</arg>
<arg>Dados para CheckOut</arg>
<doc>Executes all the given keywords in a sequence.</doc>
<kw name="Iniciar Sessão" library="Hooks">
<doc>Abre o Browser</doc>
<kw name="Open Browser" library="SeleniumLibrary">
<arg>about:blank</arg>
<arg>${BROWSER}</arg>
<arg>options=add_argument("lang=pt_BR");add_argument("--ignore-certificate-errors");add_argument("--kiosk-printing");add_experimental_option("excludeSwitches", ["enable-logging"]);add_argument("--start-maximized");add_argument("--start-maximized")</arg>
<doc>Opens a new browser instance to the optional ``url``.</doc>
<msg timestamp="20240103 17:11:56.269" level="INFO">Opening browser 'chrome' to base url 'about:blank'.</msg>
<status status="PASS" starttime="20240103 17:11:56.269" endtime="20240103 17:11:58.147"/>
</kw>
<kw name="Set Selenium Speed" library="SeleniumLibrary">
<arg>0.3</arg>
<doc>Sets the delay that is waited after each Selenium command.</doc>
<status status="PASS" starttime="20240103 17:11:58.147" endtime="20240103 17:11:58.147"/>
</kw>
<status status="PASS" starttime="20240103 17:11:56.269" endtime="20240103 17:11:58.147"/>
</kw>
<kw name="Dados para CheckOut" library="Faker">
<kw name="First Name" library="FakerLibrary">
<var>${Faker_FirstName}</var>
<msg timestamp="20240103 17:11:58.148" level="INFO">${Faker_FirstName} = Joana</msg>
<status status="PASS" starttime="20240103 17:11:58.148" endtime="20240103 17:11:58.148"/>
</kw>
<kw name="Set Suite Variable" library="BuiltIn">
<arg>${Faker_FirstName}</arg>
<doc>Makes a variable available everywhere within the scope of the current suite.</doc>
<msg timestamp="20240103 17:11:58.148" level="INFO">${Faker_FirstName} = Joana</msg>
<status status="PASS" starttime="20240103 17:11:58.148" endtime="20240103 17:11:58.148"/>
</kw>
<kw name="Last Name" library="FakerLibrary">
<var>${Faker_LastName}</var>
<msg timestamp="20240103 17:11:58.148" level="INFO">${Faker_LastName} = Pires</msg>
<status status="PASS" starttime="20240103 17:11:58.148" endtime="20240103 17:11:58.148"/>
</kw>
<kw name="Set Suite Variable" library="BuiltIn">
<arg>${Faker_LastName}</arg>
<doc>Makes a variable available everywhere within the scope of the current suite.</doc>
<msg timestamp="20240103 17:11:58.148" level="INFO">${Faker_LastName} = Pires</msg>
<status status="PASS" starttime="20240103 17:11:58.148" endtime="20240103 17:11:58.148"/>
</kw>
<kw name="Postcode" library="FakerLibrary">
<var>${Faker_PostalCode}</var>
<doc>Randomly returns a postcode.
:param formatted: True to allow formatted postcodes, else False (default True)
:example formatted: '41224-212' '83992-291' '12324322'
:example raw: '43920231' '34239530'</doc>
<msg timestamp="20240103 17:11:58.149" level="INFO">${Faker_PostalCode} = 83288181</msg>
<status status="PASS" starttime="20240103 17:11:58.149" endtime="20240103 17:11:58.149"/>
</kw>
<kw name="Set Suite Variable" library="BuiltIn">
<arg>${Faker_PostalCode}</arg>
<doc>Makes a variable available everywhere within the scope of the current suite.</doc>
<msg timestamp="20240103 17:11:58.149" level="INFO">${Faker_PostalCode} = 83288181</msg>
<status status="PASS" starttime="20240103 17:11:58.149" endtime="20240103 17:11:58.149"/>
</kw>
<status status="PASS" starttime="20240103 17:11:58.148" endtime="20240103 17:11:58.149"/>
</kw>
<status status="PASS" starttime="20240103 17:11:56.269" endtime="20240103 17:11:58.149"/>
</kw>
<test id="s1-s1-t1" name="Caso de Teste 01: Compra no Site do &quot;Swag Labs&quot;" line="13">
<kw name="Factory User" library="Users">
<var>&amp;{PERFIL}</var>
<arg>standard_user</arg>
<msg timestamp="20240103 17:11:58.150" level="INFO">&amp;{PERFIL} = { login=standard_user | password=secret_sauce }</msg>
<status status="PASS" starttime="20240103 17:11:58.150" endtime="20240103 17:11:58.150"/>
</kw>
<kw name="Login no Site do Swag Lab" library="Hooks">
<arg>${PERFIL}</arg>
<kw name="Go To" library="SeleniumLibrary">
<arg>${Base_Url_SauceDemo}</arg>
<doc>Navigates the current browser window to the provided ``url``.</doc>
<msg timestamp="20240103 17:11:58.150" level="INFO">Opening url 'https://www.saucedemo.com/'</msg>
<status status="PASS" starttime="20240103 17:11:58.150" endtime="20240103 17:11:58.869"/>
</kw>
<kw name="Wait Until Element Is Visible" library="SeleniumLibrary">
<arg>${logo}</arg>
<arg>5</arg>
<doc>Waits until the element ``locator`` is visible.</doc>
<status status="PASS" starttime="20240103 17:11:58.869" endtime="20240103 17:11:59.495"/>
</kw>
<kw name="Wait Until Element Contains" library="SeleniumLibrary">
<arg>${logo}</arg>
<arg>Swag Labs</arg>
<arg>10</arg>
<doc>Waits until the element ``locator`` contains ``text``.</doc>
<status status="PASS" starttime="20240103 17:11:59.495" endtime="20240103 17:12:00.119"/>
</kw>
<kw name="Input Text" library="SeleniumLibrary">
<arg>${Username}</arg>
<arg>${PERFIL}[login]</arg>
<arg>clear=true</arg>
<doc>Types the given ``text`` into the text field identified by ``locator``.</doc>
<msg timestamp="20240103 17:12:00.119" level="INFO">Typing text 'standard_user' into text field '//*[@id="user-name"]'.</msg>
<status status="PASS" starttime="20240103 17:12:00.119" endtime="20240103 17:12:01.125"/>
</kw>
<kw name="Input Text" library="SeleniumLibrary">
<arg>${Password}</arg>
<arg>${PERFIL}[password]</arg>
<arg>clear=true</arg>
<doc>Types the given ``text`` into the text field identified by ``locator``.</doc>
<msg timestamp="20240103 17:12:01.125" level="INFO">Typing text 'secret_sauce' into text field '//*[@id="password"]'.</msg>
<status status="PASS" starttime="20240103 17:12:01.125" endtime="20240103 17:12:02.099"/>
</kw>
<kw name="Click Element" library="SeleniumLibrary">
<arg>${Click_Login}</arg>
<doc>Click the element identified by ``locator``.</doc>
<msg timestamp="20240103 17:12:02.099" level="INFO">Clicking element '//*[@id="login-button"]'.</msg>
<status status="PASS" starttime="20240103 17:12:02.099" endtime="20240103 17:12:02.778"/>
</kw>
<kw name="Location Should Be" library="SeleniumLibrary">
<arg>https://www.saucedemo.com/inventory.html</arg>
<doc>Verifies that the current URL is exactly ``url``.</doc>
<msg timestamp="20240103 17:12:03.084" level="INFO">Current location is 'https://www.saucedemo.com/inventory.html'.</msg>
<status status="PASS" starttime="20240103 17:12:02.778" endtime="20240103 17:12:03.084"/>
</kw>
<status status="PASS" starttime="20240103 17:11:58.150" endtime="20240103 17:12:03.084"/>
</kw>
<kw name="Dado que escolha o item" library="CompraSucesso">
<arg>Sauce Labs Backpack</arg>
<kw name="Wait Until Element Contains" library="SeleniumLibrary">
<arg>${Title_Inventory}</arg>
<arg>Products</arg>
<doc>Waits until the element ``locator`` contains ``text``.</doc>
<status status="PASS" starttime="20240103 17:12:03.085" endtime="20240103 17:12:03.712"/>
</kw>
<kw name="Wait Until Element Is Visible" library="SeleniumLibrary">
<arg>//*[@id="item_4_title_link"]//*[contains(text(), '${Nome_Item}')]</arg>
<doc>Waits until the element ``locator`` is visible.</doc>
<status status="PASS" starttime="20240103 17:12:03.712" endtime="20240103 17:12:04.346"/>
</kw>
<kw name="Click Element" library="SeleniumLibrary">
<arg>${Click_Product}</arg>
<doc>Click the element identified by ``locator``.</doc>
<msg timestamp="20240103 17:12:04.346" level="INFO">Clicking element '//*[@id="add-to-cart-sauce-labs-backpack"]'.</msg>
<status status="PASS" starttime="20240103 17:12:04.346" endtime="20240103 17:12:04.992"/>
</kw>
<kw name="Wait Until Element Is Visible" library="SeleniumLibrary">
<arg>//*[@id="remove-sauce-labs-backpack"]</arg>
<doc>Waits until the element ``locator`` is visible.</doc>
<status status="PASS" starttime="20240103 17:12:04.992" endtime="20240103 17:12:05.620"/>
</kw>
<status status="PASS" starttime="20240103 17:12:03.085" endtime="20240103 17:12:05.620"/>
</kw>
<kw name="Quando clico no carinho de compras" library="CompraSucesso">
<kw name="Wait Until Element Is Visible" library="SeleniumLibrary">
<arg>${Shopping_Cart}</arg>
<doc>Waits until the element ``locator`` is visible.</doc>
<status status="PASS" starttime="20240103 17:12:05.622" endtime="20240103 17:12:06.249"/>
</kw>
<kw name="Click Element" library="SeleniumLibrary">
<arg>${Shopping_Cart}</arg>
<doc>Click the element identified by ``locator``.</doc>
<msg timestamp="20240103 17:12:06.249" level="INFO">Clicking element '//*[@id="shopping_cart_container"][contains(.,'1')]'.</msg>
<status status="PASS" starttime="20240103 17:12:06.249" endtime="20240103 17:12:06.898"/>
</kw>
<status status="PASS" starttime="20240103 17:12:05.622" endtime="20240103 17:12:06.898"/>
</kw>
<kw name="E verifico os dados do item no carrinho" library="CompraSucesso">
<kw name="Location Should Be" library="SeleniumLibrary">
<arg>https://www.saucedemo.com/cart.html</arg>
<doc>Verifies that the current URL is exactly ``url``.</doc>
<msg timestamp="20240103 17:12:07.211" level="INFO">Current location is 'https://www.saucedemo.com/cart.html'.</msg>
<status status="PASS" starttime="20240103 17:12:06.899" endtime="20240103 17:12:07.211"/>
</kw>
<kw name="Wait Until Element Contains" library="SeleniumLibrary">
<arg>${Title_Cart}</arg>
<arg>Your Cart</arg>
<doc>Waits until the element ``locator`` contains ``text``.</doc>
<status status="PASS" starttime="20240103 17:12:07.212" endtime="20240103 17:12:07.838"/>
</kw>
<kw name="Wait Until Element Contains" library="SeleniumLibrary">
<arg>${Title_Item_Name}</arg>
<arg>Sauce Labs Backpack</arg>
<doc>Waits until the element ``locator`` contains ``text``.</doc>
<status status="PASS" starttime="20240103 17:12:07.838" endtime="20240103 17:12:08.462"/>
</kw>
<kw name="Wait Until Element Contains" library="SeleniumLibrary">
<arg>${Title_Item_Price}</arg>
<arg>29.99</arg>
<doc>Waits until the element ``locator`` contains ``text``.</doc>
<status status="PASS" starttime="20240103 17:12:08.462" endtime="20240103 17:12:09.090"/>
</kw>
<status status="PASS" starttime="20240103 17:12:06.899" endtime="20240103 17:12:09.090"/>
</kw>
<kw name="Quando clico em CheckOut" library="CompraSucesso">
<kw name="Click Element" library="SeleniumLibrary">
<arg>${CheckOut}</arg>
<doc>Click the element identified by ``locator``.</doc>
<msg timestamp="20240103 17:12:09.091" level="INFO">Clicking element '//*[@id="checkout"]'.</msg>
<status status="PASS" starttime="20240103 17:12:09.091" endtime="20240103 17:12:09.732"/>
</kw>
<status status="PASS" starttime="20240103 17:12:09.090" endtime="20240103 17:12:09.732"/>
</kw>
<kw name="E insiro os dados de compra" library="CompraSucesso">
<kw name="Location Should Be" library="SeleniumLibrary">
<arg>https://www.saucedemo.com/checkout-step-one.html</arg>
<doc>Verifies that the current URL is exactly ``url``.</doc>
<msg timestamp="20240103 17:12:10.039" level="INFO">Current location is 'https://www.saucedemo.com/checkout-step-one.html'.</msg>
<status status="PASS" starttime="20240103 17:12:09.732" endtime="20240103 17:12:10.039"/>
</kw>
<kw name="Wait Until Element Contains" library="SeleniumLibrary">
<arg>${Title_ChekOut}</arg>
<arg>Checkout: Your Information</arg>
<doc>Waits until the element ``locator`` contains ``text``.</doc>
<status status="PASS" starttime="20240103 17:12:10.039" endtime="20240103 17:12:10.692"/>
</kw>
<kw name="Input Text" library="SeleniumLibrary">
<arg>${First_Name}</arg>
<arg>${Faker_FirstName}</arg>
<doc>Types the given ``text`` into the text field identified by ``locator``.</doc>
<msg timestamp="20240103 17:12:10.693" level="INFO">Typing text 'Joana' into text field '//*[@id="first-name"]'.</msg>
<status status="PASS" starttime="20240103 17:12:10.692" endtime="20240103 17:12:11.661"/>
</kw>
<kw name="Input Text" library="SeleniumLibrary">
<arg>${Last_Name}</arg>
<arg>${Faker_LastName}</arg>
<doc>Types the given ``text`` into the text field identified by ``locator``.</doc>
<msg timestamp="20240103 17:12:11.661" level="INFO">Typing text 'Pires' into text field '//*[@id="last-name"]'.</msg>
<status status="PASS" starttime="20240103 17:12:11.661" endtime="20240103 17:12:12.634"/>
</kw>
<kw name="Input Text" library="SeleniumLibrary">
<arg>${Postal_Code}</arg>
<arg>${Faker_PostalCode}</arg>
<doc>Types the given ``text`` into the text field identified by ``locator``.</doc>
<msg timestamp="20240103 17:12:12.634" level="INFO">Typing text '83288181' into text field '//*[@id="postal-code"]'.</msg>
<status status="PASS" starttime="20240103 17:12:12.634" endtime="20240103 17:12:13.614"/>
</kw>
<status status="PASS" starttime="20240103 17:12:09.732" endtime="20240103 17:12:13.614"/>
</kw>
<kw name="Quando clico em Continue" library="CompraSucesso">
<kw name="Click Element" library="SeleniumLibrary">
<arg>${Continue}</arg>
<doc>Click the element identified by ``locator``.</doc>
<msg timestamp="20240103 17:12:13.615" level="INFO">Clicking element '//*[@id="continue"]'.</msg>
<status status="PASS" starttime="20240103 17:12:13.615" endtime="20240103 17:12:14.273"/>
</kw>
<status status="PASS" starttime="20240103 17:12:13.614" endtime="20240103 17:12:14.273"/>
</kw>
<kw name="E verifico os dados da compra" library="CompraSucesso">
<kw name="Location Should Be" library="SeleniumLibrary">
<arg>https://www.saucedemo.com/checkout-step-two.html</arg>
<doc>Verifies that the current URL is exactly ``url``.</doc>
<msg timestamp="20240103 17:12:14.581" level="INFO">Current location is 'https://www.saucedemo.com/checkout-step-two.html'.</msg>
<status status="PASS" starttime="20240103 17:12:14.274" endtime="20240103 17:12:14.581"/>
</kw>
<kw name="Wait Until Element Contains" library="SeleniumLibrary">
<arg>${Title_ChekOutOverview}</arg>
<arg>Checkout: Overview</arg>
<doc>Waits until the element ``locator`` contains ``text``.</doc>
<status status="PASS" starttime="20240103 17:12:14.581" endtime="20240103 17:12:15.211"/>
</kw>
<status status="PASS" starttime="20240103 17:12:14.273" endtime="20240103 17:12:15.211"/>
</kw>
<kw name="Quando clico em Finalizar" library="CompraSucesso">
<kw name="Click Element" library="SeleniumLibrary">
<arg>${Finish}</arg>
<doc>Click the element identified by ``locator``.</doc>
<msg timestamp="20240103 17:12:15.213" level="INFO">Clicking element '//*[@id="finish"]'.</msg>
<status status="PASS" starttime="20240103 17:12:15.212" endtime="20240103 17:12:15.865"/>
</kw>
<status status="PASS" starttime="20240103 17:12:15.212" endtime="20240103 17:12:15.865"/>
</kw>
<kw name="Então a venda é feita com sucesso" library="CompraSucesso">
<kw name="Wait Until Element Contains" library="SeleniumLibrary">
<arg>//*[@class="title"]</arg>
<arg>Checkout: Complete!</arg>
<doc>Waits until the element ``locator`` contains ``text``.</doc>
<status status="PASS" starttime="20240103 17:12:15.866" endtime="20240103 17:12:16.490"/>
</kw>
<kw name="Wait Until Element Contains" library="SeleniumLibrary">
<arg>//*[@class="complete-header"]</arg>
<arg>Thank you for your order!</arg>
<doc>Waits until the element ``locator`` contains ``text``.</doc>
<status status="PASS" starttime="20240103 17:12:16.490" endtime="20240103 17:12:17.108"/>
</kw>
<kw name="Tirar Screenshot" library="Hooks">
<arg>ThankYouForYourOrder.png</arg>
<doc>Aponta a pasta de Screenshots e Captura a tela</doc>
<kw name="Set Screenshot Directory" library="SeleniumLibrary">
<arg>./Screenshots/CompraSucesso</arg>
<doc>Sets the directory for captured screenshots.</doc>
<status status="PASS" starttime="20240103 17:12:17.109" endtime="20240103 17:12:17.109"/>
</kw>
<kw name="Capture Page Screenshot" library="SeleniumLibrary">
<arg>${name_print}</arg>
<doc>Takes a screenshot of the current page and embeds it into a log file.</doc>
<msg timestamp="20240103 17:12:17.524" level="INFO" html="true">&lt;/td&gt;&lt;/tr&gt;&lt;tr&gt;&lt;td colspan="3"&gt;&lt;a href="../../Screenshots/CompraSucesso/ThankYouForYourOrder.png"&gt;&lt;img src="../../Screenshots/CompraSucesso/ThankYouForYourOrder.png" width="800px"&gt;&lt;/a&gt;</msg>
<status status="PASS" starttime="20240103 17:12:17.109" endtime="20240103 17:12:17.525"/>
</kw>
<status status="PASS" starttime="20240103 17:12:17.108" endtime="20240103 17:12:17.525"/>
</kw>
<status status="PASS" starttime="20240103 17:12:15.865" endtime="20240103 17:12:17.525"/>
</kw>
<status status="PASS" starttime="20240103 17:11:58.149" endtime="20240103 17:12:17.526"/>
</test>
<kw name="Fechar Browser" library="Hooks" type="TEARDOWN">
<doc>Fecha todos os Browsers</doc>
<kw name="Close All Browsers" library="SeleniumLibrary">
<doc>Closes all open browsers and resets the browser cache.</doc>
<status status="PASS" starttime="20240103 17:12:17.527" endtime="20240103 17:12:20.023"/>
</kw>
<status status="PASS" starttime="20240103 17:12:17.526" endtime="20240103 17:12:20.023"/>
</kw>
<doc>Teste de Registro no "Swag Labs"</doc>
<status status="PASS" starttime="20240103 17:11:55.598" endtime="20240103 17:12:20.023"/>
</suite>
<status status="PASS" starttime="20240103 17:11:55.581" endtime="20240103 17:12:20.026"/>
</suite>
<statistics>
<total>
<stat pass="1" fail="0" skip="0">All Tests</stat>
</total>
<tag>
</tag>
<suite>
<stat pass="1" fail="0" skip="0" id="s1" name="AUTOMAÇÃO GITHUB - SAULOBARBOZ TesteE2E - 1.0">AUTOMAÇÃO GITHUB - SAULOBARBOZ TesteE2E - 1.0</stat>
<stat pass="1" fail="0" skip="0" id="s1-s1" name="CompraSucesso">AUTOMAÇÃO GITHUB - SAULOBARBOZ TesteE2E - 1.0.CompraSucesso</stat>
</suite>
</statistics>
<errors>
</errors>
</robot>
